2020-02-09 12:30:47.075  INFO 14320 --- [main] servicioProductorComprobacionApplication : No active profile set, falling back to default profiles: default
2020-02-09 12:30:48.516  WARN 14320 --- [main] o.s.boot.actuate.endpoint.EndpointId     : Endpoint ID 'service-registry' contains invalid characters, please migrate to a valid format.
2020-02-09 12:30:48.788  INFO 14320 --- [main] o.s.cloud.context.scope.GenericScope     : BeanFactory id=fd733440-03d7-3a84-97c8-4e42bf8a53ac
2020-02-09 12:30:50.173  INFO 14320 --- [main] o.s.b.w.embedded.tomcat.TomcatWebServer  : Tomcat initialized with port(s): 0 (http)
2020-02-09 12:30:50.213  INFO 14320 --- [main] o.apache.catalina.core.StandardService   : Starting service [Tomcat]
2020-02-09 12:30:50.215  INFO 14320 --- [main] org.apache.catalina.core.StandardEngine  : Starting Servlet engine: [Apache Tomcat/9.0.30]
2020-02-09 12:30:50.708  INFO 14320 --- [main] o.a.c.c.C.[Tomcat].[localhost].[/]       : Initializing Spring embedded WebApplicationContext
2020-02-09 12:30:50.709  INFO 14320 --- [main] o.s.web.context.ContextLoader            : Root WebApplicationContext: initialization completed in 3573 ms
2020-02-09 12:30:51.375  WARN 14320 --- [main] c.n.c.sources.URLConfigurationSource     : No URLs will be polled as dynamic configuration sources.
2020-02-09 12:30:51.377  INFO 14320 --- [main] c.n.c.sources.URLConfigurationSource     : To enable URLs as dynamic configuration sources, define System property archaius.configurationSource.additionalUrls or make config.properties available on classpath.
2020-02-09 12:30:51.427  INFO 14320 --- [main] c.netflix.config.DynamicPropertyFactory  : DynamicPropertyFactory is initialized with configuration sources: com.netflix.config.ConcurrentCompositeConfiguration@5c77ba8f
2020-02-09 12:30:52.109  INFO 14320 --- [main] o.s.b.a.e.web.ServletEndpointRegistrar   : Registered '/actuator/jolokia' to jolokia-actuator-endpoint
2020-02-09 12:30:52.199  WARN 14320 --- [main] c.n.c.sources.URLConfigurationSource     : No URLs will be polled as dynamic configuration sources.
2020-02-09 12:30:52.199  INFO 14320 --- [main] c.n.c.sources.URLConfigurationSource     : To enable URLs as dynamic configuration sources, define System property archaius.configurationSource.additionalUrls or make config.properties available on classpath.
2020-02-09 12:30:52.609  INFO 14320 --- [main] o.s.s.concurrent.ThreadPoolTaskExecutor  : Initializing ExecutorService 'applicationTaskExecutor'
2020-02-09 12:30:53.349  INFO 14320 --- [main] o.s.s.c.ThreadPoolTaskScheduler          : Initializing ExecutorService
2020-02-09 12:30:53.464  INFO 14320 --- [main] o.s.s.c.ThreadPoolTaskScheduler          : Initializing ExecutorService 'taskScheduler'
2020-02-09 12:30:54.508  WARN 14320 --- [main] ockingLoadBalancerClientRibbonWarnLogger : You already have RibbonLoadBalancerClient on your classpath. It will be used by default. As Spring Cloud Ribbon is in maintenance mode. We recommend switching to BlockingLoadBalancerClient instead. In order to use it, set the value of `spring.cloud.loadbalancer.ribbon.enabled` to `false` or remove spring-cloud-starter-netflix-ribbon from your project.
2020-02-09 12:30:54.687  INFO 14320 --- [main] o.s.b.a.e.web.EndpointLinksResolver      : Exposing 19 endpoint(s) beneath base path '/actuator'
2020-02-09 12:30:55.051  INFO 14320 --- [main] o.s.b.w.embedded.tomcat.TomcatWebServer  : Tomcat started on port(s): 55884 (http) with context path ''
2020-02-09 12:30:55.054  INFO 14320 --- [main] .s.c.n.e.s.EurekaAutoServiceRegistration : Updating port to 55884
2020-02-09 12:30:55.074  INFO 14320 --- [main] o.s.c.n.eureka.InstanceInfoFactory       : Setting initial instance status as: STARTING
2020-02-09 12:30:55.358  INFO 14320 --- [main] com.netflix.discovery.DiscoveryClient    : Initializing Eureka in region us-east-1
2020-02-09 12:30:55.691  INFO 14320 --- [main] c.n.d.provider.DiscoveryJerseyProvider   : Using JSON encoding codec LegacyJacksonJson
2020-02-09 12:30:55.692  INFO 14320 --- [main] c.n.d.provider.DiscoveryJerseyProvider   : Using JSON decoding codec LegacyJacksonJson
2020-02-09 12:30:56.276  INFO 14320 --- [main] c.n.d.provider.DiscoveryJerseyProvider   : Using XML encoding codec XStreamXml
2020-02-09 12:30:56.277  INFO 14320 --- [main] c.n.d.provider.DiscoveryJerseyProvider   : Using XML decoding codec XStreamXml
2020-02-09 12:30:56.672  INFO 14320 --- [main] c.n.d.s.r.aws.ConfigClusterResolver      : Resolving eureka endpoints via configuration
2020-02-09 12:30:56.773  INFO 14320 --- [main] com.netflix.discovery.DiscoveryClient    : Disable delta property : false
2020-02-09 12:30:56.773  INFO 14320 --- [main] com.netflix.discovery.DiscoveryClient    : Single vip registry refresh property : null
2020-02-09 12:30:56.773  INFO 14320 --- [main] com.netflix.discovery.DiscoveryClient    : Force full registry fetch : false
2020-02-09 12:30:56.773  INFO 14320 --- [main] com.netflix.discovery.DiscoveryClient    : Application is null : false
2020-02-09 12:30:56.773  INFO 14320 --- [main] com.netflix.discovery.DiscoveryClient    : Registered Applications size is zero : true
2020-02-09 12:30:56.774  INFO 14320 --- [main] com.netflix.discovery.DiscoveryClient    : Application version is -1: true
2020-02-09 12:30:56.774  INFO 14320 --- [main] com.netflix.discovery.DiscoveryClient    : Getting all instance registry info from the eureka server
2020-02-09 12:30:57.799  INFO 14320 --- [main] com.netflix.discovery.DiscoveryClient    : The response status is 200
2020-02-09 12:30:57.806  INFO 14320 --- [main] com.netflix.discovery.DiscoveryClient    : Starting heartbeat executor: renew interval is: 30
2020-02-09 12:30:57.814  INFO 14320 --- [main] c.n.discovery.InstanceInfoReplicator     : InstanceInfoReplicator onDemand update allowed rate per min is 4
2020-02-09 12:30:57.826  INFO 14320 --- [main] com.netflix.discovery.DiscoveryClient    : Discovery Client initialized at timestamp 1581269457822 with initial instances count: 0
2020-02-09 12:30:57.836  INFO 14320 --- [main] o.s.c.n.e.s.EurekaServiceRegistry        : Registering application PRODUCTOR-COMPROBACION with eureka with status UP
2020-02-09 12:30:57.839  INFO 14320 --- [main] com.netflix.discovery.DiscoveryClient    : Saw local status change event StatusChangeEvent [timestamp=1581269457838, current=UP, previous=STARTING]
2020-02-09 12:30:57.845  INFO 14320 --- [DiscoveryClient-InstanceInfoReplicator-0] com.netflix.discovery.DiscoveryClient    : DiscoveryClient_PRODUCTOR-COMPROBACION/Productor-Comprobacion:573a7929e471d780defd94a53f7c18ef: registering service...
2020-02-09 12:30:58.331  INFO 14320 --- [main] servicioProductorComprobacionApplication : Started MicroservicioProductorComprobacionApplication in 13.541 seconds (JVM running for 14.107)
2020-02-09 12:30:58.474  INFO 14320 --- [DiscoveryClient-InstanceInfoReplicator-0] com.netflix.discovery.DiscoveryClient    : DiscoveryClient_PRODUCTOR-COMPROBACION/Productor-Comprobacion:573a7929e471d780defd94a53f7c18ef - registration status: 204
2020-02-09 12:31:00.574  INFO 14320 --- [registrationTask1] d.c.b.a.c.r.ApplicationRegistrator       : Application registered itself as 95248e2ad7b1
2020-02-09 12:31:00.637  INFO 14320 --- [http-nio-auto-1-exec-1] o.a.c.c.C.[Tomcat].[localhost].[/]       : Initializing Spring DispatcherServlet 'dispatcherServlet'
2020-02-09 12:31:00.637  INFO 14320 --- [http-nio-auto-1-exec-1] o.s.web.servlet.DispatcherServlet        : Initializing Servlet 'dispatcherServlet'
2020-02-09 12:31:00.648  INFO 14320 --- [http-nio-auto-1-exec-1] o.s.web.servlet.DispatcherServlet        : Completed initialization in 11 ms
2020-02-09 12:31:00.708  INFO 14320 --- [http-nio-auto-1-exec-1] o.s.a.r.c.CachingConnectionFactory       : Attempting to connect to: [127.0.0.1]
2020-02-09 12:31:00.858  INFO 14320 --- [http-nio-auto-1-exec-1] o.s.a.r.c.CachingConnectionFactory       : Created new connection: connectionFactory#75d4a80f:0/SimpleConnection@3931c363 [delegate=amqp://bsegovia@127.0.0.1:5672/, localPort= 55909]
2020-02-09 12:31:27.808  INFO 14320 --- [DiscoveryClient-CacheRefreshExecutor-0] com.netflix.discovery.DiscoveryClient    : Disable delta property : false
2020-02-09 12:31:27.808  INFO 14320 --- [DiscoveryClient-CacheRefreshExecutor-0] com.netflix.discovery.DiscoveryClient    : Single vip registry refresh property : null
2020-02-09 12:31:27.808  INFO 14320 --- [DiscoveryClient-CacheRefreshExecutor-0] com.netflix.discovery.DiscoveryClient    : Force full registry fetch : false
2020-02-09 12:31:27.808  INFO 14320 --- [DiscoveryClient-CacheRefreshExecutor-0] com.netflix.discovery.DiscoveryClient    : Application is null : false
2020-02-09 12:31:27.808  INFO 14320 --- [DiscoveryClient-CacheRefreshExecutor-0] com.netflix.discovery.DiscoveryClient    : Registered Applications size is zero : true
2020-02-09 12:31:27.809  INFO 14320 --- [DiscoveryClient-CacheRefreshExecutor-0] com.netflix.discovery.DiscoveryClient    : Application version is -1: false
2020-02-09 12:31:27.809  INFO 14320 --- [DiscoveryClient-CacheRefreshExecutor-0] com.netflix.discovery.DiscoveryClient    : Getting all instance registry info from the eureka server
2020-02-09 12:37:15.936  INFO 12888 --- [main] servicioProductorComprobacionApplication : No active profile set, falling back to default profiles: default
2020-02-09 12:37:18.296  WARN 12888 --- [main] o.s.boot.actuate.endpoint.EndpointId     : Endpoint ID 'service-registry' contains invalid characters, please migrate to a valid format.
2020-02-09 12:37:18.561  INFO 12888 --- [main] o.s.cloud.context.scope.GenericScope     : BeanFactory id=fcfc877c-1b8e-3212-94cd-0f4fad6c7cb4
2020-02-09 12:37:20.343  INFO 12888 --- [main] o.s.b.w.embedded.tomcat.TomcatWebServer  : Tomcat initialized with port(s): 0 (http)
2020-02-09 12:37:20.384  INFO 12888 --- [main] o.apache.catalina.core.StandardService   : Starting service [Tomcat]
2020-02-09 12:37:20.385  INFO 12888 --- [main] org.apache.catalina.core.StandardEngine  : Starting Servlet engine: [Apache Tomcat/9.0.30]
2020-02-09 12:37:21.094  INFO 12888 --- [main] o.a.c.c.C.[Tomcat].[localhost].[/]       : Initializing Spring embedded WebApplicationContext
2020-02-09 12:37:21.095  INFO 12888 --- [main] o.s.web.context.ContextLoader            : Root WebApplicationContext: initialization completed in 5084 ms
2020-02-09 12:37:21.256  WARN 12888 --- [main] c.n.c.sources.URLConfigurationSource     : No URLs will be polled as dynamic configuration sources.
2020-02-09 12:37:21.256  INFO 12888 --- [main] c.n.c.sources.URLConfigurationSource     : To enable URLs as dynamic configuration sources, define System property archaius.configurationSource.additionalUrls or make config.properties available on classpath.
2020-02-09 12:37:21.284  INFO 12888 --- [main] c.netflix.config.DynamicPropertyFactory  : DynamicPropertyFactory is initialized with configuration sources: com.netflix.config.ConcurrentCompositeConfiguration@5cbd94b2
2020-02-09 12:37:22.105  INFO 12888 --- [main] o.s.b.a.e.web.ServletEndpointRegistrar   : Registered '/actuator/jolokia' to jolokia-actuator-endpoint
2020-02-09 12:37:22.790  INFO 12888 --- [main] o.s.b.a.e.web.EndpointLinksResolver      : Exposing 19 endpoint(s) beneath base path '/actuator'
2020-02-09 12:37:22.954  INFO 12888 --- [main] pertySourcedRequestMappingHandlerMapping : Mapped URL path [/v2/api-docs] onto method [springfox.documentation.swagger2.web.Swagger2Controller#getDocumentation(String, HttpServletRequest)]
2020-02-09 12:37:22.995  WARN 12888 --- [main] c.n.c.sources.URLConfigurationSource     : No URLs will be polled as dynamic configuration sources.
2020-02-09 12:37:22.996  INFO 12888 --- [main] c.n.c.sources.URLConfigurationSource     : To enable URLs as dynamic configuration sources, define System property archaius.configurationSource.additionalUrls or make config.properties available on classpath.
2020-02-09 12:37:23.766  INFO 12888 --- [main] o.s.s.concurrent.ThreadPoolTaskExecutor  : Initializing ExecutorService 'applicationTaskExecutor'
2020-02-09 12:37:25.420  INFO 12888 --- [main] o.s.s.c.ThreadPoolTaskScheduler          : Initializing ExecutorService
2020-02-09 12:37:25.643  INFO 12888 --- [main] o.s.s.c.ThreadPoolTaskScheduler          : Initializing ExecutorService 'taskScheduler'
2020-02-09 12:37:26.236  WARN 12888 --- [main] ockingLoadBalancerClientRibbonWarnLogger : You already have RibbonLoadBalancerClient on your classpath. It will be used by default. As Spring Cloud Ribbon is in maintenance mode. We recommend switching to BlockingLoadBalancerClient instead. In order to use it, set the value of `spring.cloud.loadbalancer.ribbon.enabled` to `false` or remove spring-cloud-starter-netflix-ribbon from your project.
2020-02-09 12:37:26.331  INFO 12888 --- [main] d.s.w.p.DocumentationPluginsBootstrapper : Context refreshed
2020-02-09 12:37:26.368  INFO 12888 --- [main] d.s.w.p.DocumentationPluginsBootstrapper : Found 1 custom documentation plugin(s)
2020-02-09 12:37:26.455  INFO 12888 --- [main] s.d.s.w.s.ApiListingReferenceScanner     : Scanning for api listing references
2020-02-09 12:37:26.558  INFO 12888 --- [main] o.s.b.w.embedded.tomcat.TomcatWebServer  : Tomcat started on port(s): 55957 (http) with context path ''
2020-02-09 12:37:26.560  INFO 12888 --- [main] .s.c.n.e.s.EurekaAutoServiceRegistration : Updating port to 55957
2020-02-09 12:37:26.571  INFO 12888 --- [main] o.s.c.n.eureka.InstanceInfoFactory       : Setting initial instance status as: STARTING
2020-02-09 12:37:26.676  INFO 12888 --- [main] com.netflix.discovery.DiscoveryClient    : Initializing Eureka in region us-east-1
2020-02-09 12:37:26.795  INFO 12888 --- [main] c.n.d.provider.DiscoveryJerseyProvider   : Using JSON encoding codec LegacyJacksonJson
2020-02-09 12:37:26.795  INFO 12888 --- [main] c.n.d.provider.DiscoveryJerseyProvider   : Using JSON decoding codec LegacyJacksonJson
2020-02-09 12:37:27.056  INFO 12888 --- [main] c.n.d.provider.DiscoveryJerseyProvider   : Using XML encoding codec XStreamXml
2020-02-09 12:37:27.056  INFO 12888 --- [main] c.n.d.provider.DiscoveryJerseyProvider   : Using XML decoding codec XStreamXml
2020-02-09 12:37:27.740  INFO 12888 --- [main] c.n.d.s.r.aws.ConfigClusterResolver      : Resolving eureka endpoints via configuration
2020-02-09 12:37:27.958  INFO 12888 --- [main] com.netflix.discovery.DiscoveryClient    : Disable delta property : false
2020-02-09 12:37:27.959  INFO 12888 --- [main] com.netflix.discovery.DiscoveryClient    : Single vip registry refresh property : null
2020-02-09 12:37:27.959  INFO 12888 --- [main] com.netflix.discovery.DiscoveryClient    : Force full registry fetch : false
2020-02-09 12:37:27.960  INFO 12888 --- [main] com.netflix.discovery.DiscoveryClient    : Application is null : false
2020-02-09 12:37:27.961  INFO 12888 --- [main] com.netflix.discovery.DiscoveryClient    : Registered Applications size is zero : true
2020-02-09 12:37:27.961  INFO 12888 --- [main] com.netflix.discovery.DiscoveryClient    : Application version is -1: true
2020-02-09 12:37:27.962  INFO 12888 --- [main] com.netflix.discovery.DiscoveryClient    : Getting all instance registry info from the eureka server
2020-02-09 12:37:28.969  INFO 12888 --- [main] com.netflix.discovery.DiscoveryClient    : The response status is 200
2020-02-09 12:37:28.971  INFO 12888 --- [main] com.netflix.discovery.DiscoveryClient    : Starting heartbeat executor: renew interval is: 30
2020-02-09 12:37:28.974  INFO 12888 --- [main] c.n.discovery.InstanceInfoReplicator     : InstanceInfoReplicator onDemand update allowed rate per min is 4
2020-02-09 12:37:28.980  INFO 12888 --- [main] com.netflix.discovery.DiscoveryClient    : Discovery Client initialized at timestamp 1581269848978 with initial instances count: 0
2020-02-09 12:37:28.984  INFO 12888 --- [main] o.s.c.n.e.s.EurekaServiceRegistry        : Registering application PRODUCTOR-COMPROBACION with eureka with status UP
2020-02-09 12:37:28.986  INFO 12888 --- [main] com.netflix.discovery.DiscoveryClient    : Saw local status change event StatusChangeEvent [timestamp=1581269848986, current=UP, previous=STARTING]
2020-02-09 12:37:28.989  INFO 12888 --- [DiscoveryClient-InstanceInfoReplicator-0] com.netflix.discovery.DiscoveryClient    : DiscoveryClient_PRODUCTOR-COMPROBACION/Productor-Comprobacion:36a9163cecb64bfeb89ba4cd731ca795: registering service...
2020-02-09 12:37:29.524  INFO 12888 --- [DiscoveryClient-InstanceInfoReplicator-0] com.netflix.discovery.DiscoveryClient    : DiscoveryClient_PRODUCTOR-COMPROBACION/Productor-Comprobacion:36a9163cecb64bfeb89ba4cd731ca795 - registration status: 204
2020-02-09 12:37:29.557  INFO 12888 --- [main] servicioProductorComprobacionApplication : Started MicroservicioProductorComprobacionApplication in 15.508 seconds (JVM running for 16.126)
2020-02-09 12:37:32.531  INFO 12888 --- [registrationTask1] d.c.b.a.c.r.ApplicationRegistrator       : Application registered itself as 902f88750d32
2020-02-09 12:37:32.970  INFO 12888 --- [http-nio-auto-1-exec-1] o.a.c.c.C.[Tomcat].[localhost].[/]       : Initializing Spring DispatcherServlet 'dispatcherServlet'
2020-02-09 12:37:32.971  INFO 12888 --- [http-nio-auto-1-exec-1] o.s.web.servlet.DispatcherServlet        : Initializing Servlet 'dispatcherServlet'
2020-02-09 12:37:33.007  INFO 12888 --- [http-nio-auto-1-exec-1] o.s.web.servlet.DispatcherServlet        : Completed initialization in 35 ms
2020-02-09 12:37:33.186  INFO 12888 --- [http-nio-auto-1-exec-1] o.s.a.r.c.CachingConnectionFactory       : Attempting to connect to: [127.0.0.1]
2020-02-09 12:37:33.405  INFO 12888 --- [http-nio-auto-1-exec-1] o.s.a.r.c.CachingConnectionFactory       : Created new connection: connectionFactory#3af58f76:0/SimpleConnection@19bb2dbf [delegate=amqp://bsegovia@127.0.0.1:5672/, localPort= 55982]
2020-02-09 12:37:58.972  INFO 12888 --- [DiscoveryClient-CacheRefreshExecutor-0] com.netflix.discovery.DiscoveryClient    : Disable delta property : false
2020-02-09 12:37:58.973  INFO 12888 --- [DiscoveryClient-CacheRefreshExecutor-0] com.netflix.discovery.DiscoveryClient    : Single vip registry refresh property : null
2020-02-09 12:37:58.973  INFO 12888 --- [DiscoveryClient-CacheRefreshExecutor-0] com.netflix.discovery.DiscoveryClient    : Force full registry fetch : false
2020-02-09 12:37:58.973  INFO 12888 --- [DiscoveryClient-CacheRefreshExecutor-0] com.netflix.discovery.DiscoveryClient    : Application is null : false
2020-02-09 12:37:58.973  INFO 12888 --- [DiscoveryClient-CacheRefreshExecutor-0] com.netflix.discovery.DiscoveryClient    : Registered Applications size is zero : true
2020-02-09 12:37:58.973  INFO 12888 --- [DiscoveryClient-CacheRefreshExecutor-0] com.netflix.discovery.DiscoveryClient    : Application version is -1: false
2020-02-09 12:37:58.973  INFO 12888 --- [DiscoveryClient-CacheRefreshExecutor-0] com.netflix.discovery.DiscoveryClient    : Getting all instance registry info from the eureka server
2020-02-09 12:37:59.024  INFO 12888 --- [DiscoveryClient-CacheRefreshExecutor-0] com.netflix.discovery.DiscoveryClient    : The response status is 200
2020-02-09 12:40:36.884  INFO 12468 --- [main] servicioProductorComprobacionApplication : No active profile set, falling back to default profiles: default
2020-02-09 12:40:39.662  WARN 12468 --- [main] o.s.boot.actuate.endpoint.EndpointId     : Endpoint ID 'service-registry' contains invalid characters, please migrate to a valid format.
2020-02-09 12:40:40.298  INFO 12468 --- [main] o.s.cloud.context.scope.GenericScope     : BeanFactory id=fcfc877c-1b8e-3212-94cd-0f4fad6c7cb4
2020-02-09 12:40:42.834  INFO 12468 --- [main] o.s.b.w.embedded.tomcat.TomcatWebServer  : Tomcat initialized with port(s): 0 (http)
2020-02-09 12:40:42.882  INFO 12468 --- [main] o.apache.catalina.core.StandardService   : Starting service [Tomcat]
2020-02-09 12:40:42.884  INFO 12468 --- [main] org.apache.catalina.core.StandardEngine  : Starting Servlet engine: [Apache Tomcat/9.0.30]
2020-02-09 12:40:43.222  INFO 12468 --- [main] o.a.c.c.C.[Tomcat].[localhost].[/]       : Initializing Spring embedded WebApplicationContext
2020-02-09 12:40:43.223  INFO 12468 --- [main] o.s.web.context.ContextLoader            : Root WebApplicationContext: initialization completed in 6288 ms
2020-02-09 12:40:43.378  WARN 12468 --- [main] c.n.c.sources.URLConfigurationSource     : No URLs will be polled as dynamic configuration sources.
2020-02-09 12:40:43.379  INFO 12468 --- [main] c.n.c.sources.URLConfigurationSource     : To enable URLs as dynamic configuration sources, define System property archaius.configurationSource.additionalUrls or make config.properties available on classpath.
2020-02-09 12:40:43.406  INFO 12468 --- [main] c.netflix.config.DynamicPropertyFactory  : DynamicPropertyFactory is initialized with configuration sources: com.netflix.config.ConcurrentCompositeConfiguration@5de5e95
2020-02-09 12:40:44.352  INFO 12468 --- [main] o.s.b.a.e.web.ServletEndpointRegistrar   : Registered '/actuator/jolokia' to jolokia-actuator-endpoint
2020-02-09 12:40:45.777  INFO 12468 --- [main] o.s.b.a.e.web.EndpointLinksResolver      : Exposing 19 endpoint(s) beneath base path '/actuator'
2020-02-09 12:40:46.067  INFO 12468 --- [main] pertySourcedRequestMappingHandlerMapping : Mapped URL path [/v2/api-docs] onto method [springfox.documentation.swagger2.web.Swagger2Controller#getDocumentation(String, HttpServletRequest)]
2020-02-09 12:40:46.093  WARN 12468 --- [main] c.n.c.sources.URLConfigurationSource     : No URLs will be polled as dynamic configuration sources.
2020-02-09 12:40:46.093  INFO 12468 --- [main] c.n.c.sources.URLConfigurationSource     : To enable URLs as dynamic configuration sources, define System property archaius.configurationSource.additionalUrls or make config.properties available on classpath.
2020-02-09 12:40:46.439  INFO 12468 --- [main] o.s.s.concurrent.ThreadPoolTaskExecutor  : Initializing ExecutorService 'applicationTaskExecutor'
2020-02-09 12:40:47.056  INFO 12468 --- [main] o.s.s.c.ThreadPoolTaskScheduler          : Initializing ExecutorService
2020-02-09 12:40:47.171  INFO 12468 --- [main] o.s.s.c.ThreadPoolTaskScheduler          : Initializing ExecutorService 'taskScheduler'
2020-02-09 12:40:47.609  WARN 12468 --- [main] ockingLoadBalancerClientRibbonWarnLogger : You already have RibbonLoadBalancerClient on your classpath. It will be used by default. As Spring Cloud Ribbon is in maintenance mode. We recommend switching to BlockingLoadBalancerClient instead. In order to use it, set the value of `spring.cloud.loadbalancer.ribbon.enabled` to `false` or remove spring-cloud-starter-netflix-ribbon from your project.
2020-02-09 12:40:47.740  INFO 12468 --- [main] d.s.w.p.DocumentationPluginsBootstrapper : Context refreshed
2020-02-09 12:40:47.824  INFO 12468 --- [main] d.s.w.p.DocumentationPluginsBootstrapper : Found 1 custom documentation plugin(s)
2020-02-09 12:40:47.947  INFO 12468 --- [main] s.d.s.w.s.ApiListingReferenceScanner     : Scanning for api listing references
2020-02-09 12:40:48.207  INFO 12468 --- [main] o.s.b.w.embedded.tomcat.TomcatWebServer  : Tomcat started on port(s): 56466 (http) with context path ''
2020-02-09 12:40:48.213  INFO 12468 --- [main] .s.c.n.e.s.EurekaAutoServiceRegistration : Updating port to 56466
2020-02-09 12:40:48.248  INFO 12468 --- [main] o.s.c.n.eureka.InstanceInfoFactory       : Setting initial instance status as: STARTING
2020-02-09 12:40:48.549  INFO 12468 --- [main] com.netflix.discovery.DiscoveryClient    : Initializing Eureka in region us-east-1
2020-02-09 12:40:48.821  INFO 12468 --- [main] c.n.d.provider.DiscoveryJerseyProvider   : Using JSON encoding codec LegacyJacksonJson
2020-02-09 12:40:48.823  INFO 12468 --- [main] c.n.d.provider.DiscoveryJerseyProvider   : Using JSON decoding codec LegacyJacksonJson
2020-02-09 12:40:49.437  INFO 12468 --- [main] c.n.d.provider.DiscoveryJerseyProvider   : Using XML encoding codec XStreamXml
2020-02-09 12:40:49.439  INFO 12468 --- [main] c.n.d.provider.DiscoveryJerseyProvider   : Using XML decoding codec XStreamXml
2020-02-09 12:40:50.568  INFO 12468 --- [main] c.n.d.s.r.aws.ConfigClusterResolver      : Resolving eureka endpoints via configuration
2020-02-09 12:40:50.903  INFO 12468 --- [main] com.netflix.discovery.DiscoveryClient    : Disable delta property : false
2020-02-09 12:40:50.905  INFO 12468 --- [main] com.netflix.discovery.DiscoveryClient    : Single vip registry refresh property : null
2020-02-09 12:40:50.906  INFO 12468 --- [main] com.netflix.discovery.DiscoveryClient    : Force full registry fetch : false
2020-02-09 12:40:50.906  INFO 12468 --- [main] com.netflix.discovery.DiscoveryClient    : Application is null : false
2020-02-09 12:40:50.907  INFO 12468 --- [main] com.netflix.discovery.DiscoveryClient    : Registered Applications size is zero : true
2020-02-09 12:40:50.908  INFO 12468 --- [main] com.netflix.discovery.DiscoveryClient    : Application version is -1: true
2020-02-09 12:40:50.909  INFO 12468 --- [main] com.netflix.discovery.DiscoveryClient    : Getting all instance registry info from the eureka server
2020-02-09 12:40:52.133  INFO 12468 --- [main] com.netflix.discovery.DiscoveryClient    : The response status is 200
2020-02-09 12:40:52.142  INFO 12468 --- [main] com.netflix.discovery.DiscoveryClient    : Starting heartbeat executor: renew interval is: 30
2020-02-09 12:40:52.152  INFO 12468 --- [main] c.n.discovery.InstanceInfoReplicator     : InstanceInfoReplicator onDemand update allowed rate per min is 4
2020-02-09 12:40:52.171  INFO 12468 --- [main] com.netflix.discovery.DiscoveryClient    : Discovery Client initialized at timestamp 1581270052165 with initial instances count: 0
2020-02-09 12:40:52.181  INFO 12468 --- [main] o.s.c.n.e.s.EurekaServiceRegistry        : Registering application PRODUCTOR-COMPROBACION with eureka with status UP
2020-02-09 12:40:52.184  INFO 12468 --- [main] com.netflix.discovery.DiscoveryClient    : Saw local status change event StatusChangeEvent [timestamp=1581270052184, current=UP, previous=STARTING]
2020-02-09 12:40:52.191  INFO 12468 --- [DiscoveryClient-InstanceInfoReplicator-0] com.netflix.discovery.DiscoveryClient    : DiscoveryClient_PRODUCTOR-COMPROBACION/Productor-Comprobacion:9ea119c4c5d5c4ecd077b470df85294a: registering service...
2020-02-09 12:40:52.857  INFO 12468 --- [DiscoveryClient-InstanceInfoReplicator-0] com.netflix.discovery.DiscoveryClient    : DiscoveryClient_PRODUCTOR-COMPROBACION/Productor-Comprobacion:9ea119c4c5d5c4ecd077b470df85294a - registration status: 204
2020-02-09 12:40:52.885  INFO 12468 --- [main] servicioProductorComprobacionApplication : Started MicroservicioProductorComprobacionApplication in 19.216 seconds (JVM running for 19.884)
2020-02-09 12:40:55.660  INFO 12468 --- [registrationTask1] d.c.b.a.c.r.ApplicationRegistrator       : Application registered itself as 7d0b2b86a794
2020-02-09 12:40:56.269  INFO 12468 --- [http-nio-auto-1-exec-1] o.a.c.c.C.[Tomcat].[localhost].[/]       : Initializing Spring DispatcherServlet 'dispatcherServlet'
2020-02-09 12:40:56.271  INFO 12468 --- [http-nio-auto-1-exec-1] o.s.web.servlet.DispatcherServlet        : Initializing Servlet 'dispatcherServlet'
2020-02-09 12:40:56.315  INFO 12468 --- [http-nio-auto-1-exec-1] o.s.web.servlet.DispatcherServlet        : Completed initialization in 44 ms
2020-02-09 12:40:56.548  INFO 12468 --- [http-nio-auto-1-exec-1] o.s.a.r.c.CachingConnectionFactory       : Attempting to connect to: [127.0.0.1]
2020-02-09 12:40:56.943  INFO 12468 --- [http-nio-auto-1-exec-1] o.s.a.r.c.CachingConnectionFactory       : Created new connection: connectionFactory#92d1782:0/SimpleConnection@2b732312 [delegate=amqp://bsegovia@127.0.0.1:5672/, localPort= 56493]
2020-02-09 12:41:22.143  INFO 12468 --- [DiscoveryClient-CacheRefreshExecutor-0] com.netflix.discovery.DiscoveryClient    : Disable delta property : false
2020-02-09 12:41:22.143  INFO 12468 --- [DiscoveryClient-CacheRefreshExecutor-0] com.netflix.discovery.DiscoveryClient    : Single vip registry refresh property : null
2020-02-09 12:41:22.143  INFO 12468 --- [DiscoveryClient-CacheRefreshExecutor-0] com.netflix.discovery.DiscoveryClient    : Force full registry fetch : false
2020-02-09 12:41:22.144  INFO 12468 --- [DiscoveryClient-CacheRefreshExecutor-0] com.netflix.discovery.DiscoveryClient    : Application is null : false
2020-02-09 12:41:22.144  INFO 12468 --- [DiscoveryClient-CacheRefreshExecutor-0] com.netflix.discovery.DiscoveryClient    : Registered Applications size is zero : true
2020-02-09 12:41:22.144  INFO 12468 --- [DiscoveryClient-CacheRefreshExecutor-0] com.netflix.discovery.DiscoveryClient    : Application version is -1: false
2020-02-09 12:41:22.144  INFO 12468 --- [DiscoveryClient-CacheRefreshExecutor-0] com.netflix.discovery.DiscoveryClient    : Getting all instance registry info from the eureka server
2020-02-09 12:41:22.179  INFO 12468 --- [DiscoveryClient-CacheRefreshExecutor-0] com.netflix.discovery.DiscoveryClient    : The response status is 200
